time="2025-11-21T00:40:45+01:00" level=warning msg="/home/ussi/ai-learning-platform/docker-compose.yml: the attribute `version` is obsolete, it will be ignored, please remove it to avoid potential confusion"
============================= test session starts ==============================
platform linux -- Python 3.11.14, pytest-9.0.1, pluggy-1.6.0
rootdir: /app
plugins: anyio-4.11.0
collected 0 items / 1 error

==================================== ERRORS ====================================
______________________ ERROR collecting tests/test_api.py ______________________
ImportError while importing test module '/app/tests/test_api.py'.
Hint: make sure your test modules/packages have valid Python names.
Traceback:
/usr/local/lib/python3.11/importlib/__init__.py:126: in import_module
    return _bootstrap._gcd_import(name[level:], package, level)
           ^^^^^^^^^^^^^^^^^^^^^^^^^^^^^^^^^^^^^^^^^^^^^^^^^^^^
tests/test_api.py:6: in <module>
    from app.main import app, get_db
E   ModuleNotFoundError: No module named 'app'
=========================== short test summary info ============================
ERROR tests/test_api.py
!!!!!!!!!!!!!!!!!!!! Interrupted: 1 error during collection !!!!!!!!!!!!!!!!!!!!
=============================== 1 error in 0.38s ===============================
